#
# A fatal error has been detected by the Java Runtime Environment:
#
#  Internal Error (./open/src/hotspot/share/interpreter/oopMapCache.cpp:111), pid=3436, tid=3456
#  Error: ShouldNotReachHere()
#
# JRE version: OpenJDK Runtime Environment (15.0.2+7) (build 15.0.2+7-27)
# Java VM: OpenJDK 64-Bit Server VM (15.0.2+7-27, mixed mode, tiered, compressed oops, g1 gc, windows-amd64)
# No core dump will be written. Minidumps are not enabled by default on client versions of Windows
#
# If you would like to submit a bug report, please visit:
#   https://bugreport.java.com/bugreport/crash.jsp
#

---------------  S U M M A R Y ------------

Command Line: -XX:+ShowCodeDetailsInExceptionMessages -agentlib:jdwp=transport=dt_socket,suspend=y,address=localhost:51352 -javaagent:C:\Users\user\Downloads\eclipse\eclipse\configuration\org.eclipse.osgi\412\0\.cp\lib\javaagent-shaded.jar -Dfile.encoding=UTF-8 java_20210520.TistoryScanningDemo

Host: Intel(R) Core(TM) i5-8265U CPU @ 1.60GHz, 8 cores, 7G,  Windows 10 , 64 bit Build 19041 (10.0.19041.928)
Time: Thu May 20 17:07:02 2021 대한민국 표준시 elapsed time: 4753.031776 seconds (0d 1h 19m 13s)

---------------  T H R E A D  ---------------

Current thread (0x0000021da40e4780):  JavaThread "JDWP Transport Listener: dt_socket" daemon [_thread_in_vm, id=3456, stack(0x0000009511c00000,0x0000009511d00000)] _threads_hazard_ptr=0x0000021da5343580

Stack: [0x0000009511c00000,0x0000009511d00000]
Native frames: (J=compiled Java code, j=interpreted, Vv=VM code, C=native code)
V  [jvm.dll+0x62ae9a]
V  [jvm.dll+0x7817a9]
V  [jvm.dll+0x782f03]
V  [jvm.dll+0x783517]
V  [jvm.dll+0x21628c]
V  [jvm.dll+0x2161d3]
V  [jvm.dll+0x619eea]
V  [jvm.dll+0x619ba3]
V  [jvm.dll+0x5df278]
V  [jvm.dll+0x77876f]
V  [jvm.dll+0x4f02e1]
V  [jvm.dll+0x7882b5]
V  [jvm.dll+0x4d40ea]
V  [jvm.dll+0x49526b]
C  [jdwp.dll+0x7f79]


---------------  P R O C E S S  ---------------

Threads class SMR info:
_java_thread_list=0x0000021da5343580, length=14, elements={
0x0000021d8928f880, 0x0000021da359d390, 0x0000021da359e610, 0x0000021da3e0c020,
0x0000021da3e0c5f0, 0x0000021da3e0d750, 0x0000021da3dea380, 0x0000021da3dee850,
0x0000021da3def500, 0x0000021da3ed0010, 0x0000021da40e4780, 0x0000021da4133180,
0x0000021da4134080, 0x0000021da462d5c0
}

Java Threads: ( => current thread )
  0x0000021d8928f880 JavaThread "main" [_thread_blocked, id=836, stack(0x0000009510b00000,0x0000009510c00000)]
  0x0000021da359d390 JavaThread "Reference Handler" daemon [_thread_blocked, id=9008, stack(0x0000009511200000,0x0000009511300000)]
  0x0000021da359e610 JavaThread "Finalizer" daemon [_thread_blocked, id=10632, stack(0x0000009511300000,0x0000009511400000)]
  0x0000021da3e0c020 JavaThread "Signal Dispatcher" daemon [_thread_blocked, id=5948, stack(0x0000009511400000,0x0000009511500000)]
  0x0000021da3e0c5f0 JavaThread "Attach Listener" daemon [_thread_blocked, id=5068, stack(0x0000009511500000,0x0000009511600000)]
  0x0000021da3e0d750 JavaThread "Service Thread" daemon [_thread_blocked, id=6844, stack(0x0000009511600000,0x0000009511700000)]
  0x0000021da3dea380 JavaThread "C2 CompilerThread0" daemon [_thread_blocked, id=10084, stack(0x0000009511700000,0x0000009511800000)]
  0x0000021da3dee850 JavaThread "C1 CompilerThread0" daemon [_thread_blocked, id=8736, stack(0x0000009511800000,0x0000009511900000)]
  0x0000021da3def500 JavaThread "Sweeper thread" daemon [_thread_blocked, id=9212, stack(0x0000009511900000,0x0000009511a00000)]
  0x0000021da3ed0010 JavaThread "Common-Cleaner" daemon [_thread_blocked, id=8876, stack(0x0000009511a00000,0x0000009511b00000)]
=>0x0000021da40e4780 JavaThread "JDWP Transport Listener: dt_socket" daemon [_thread_in_vm, id=3456, stack(0x0000009511c00000,0x0000009511d00000)] _threads_hazard_ptr=0x0000021da5343580
  0x0000021da4133180 JavaThread "JDWP Event Helper Thread" daemon [_thread_blocked, id=792, stack(0x0000009511d00000,0x0000009511e00000)]
  0x0000021da4134080 JavaThread "JDWP Command Reader" daemon [_thread_in_native, id=8636, stack(0x0000009511e00000,0x0000009511f00000)]
  0x0000021da462d5c0 JavaThread "Notification Thread" daemon [_thread_blocked, id=5872, stack(0x0000009511f00000,0x0000009512000000)]

Other Threads:
  0x0000021da35865c0 VMThread "VM Thread" [stack: 0x0000009511100000,0x0000009511200000] [id=8900]
  0x0000021da4516300 WatcherThread [stack: 0x0000009512000000,0x0000009512100000] [id=6988]
  0x0000021d892d1480 GCTaskThread "GC Thread#0" [stack: 0x0000009510c00000,0x0000009510d00000] [id=9704]
  0x0000021da471c2c0 GCTaskThread "GC Thread#1" [stack: 0x0000009512200000,0x0000009512300000] [id=2152]
  0x0000021da471c920 GCTaskThread "GC Thread#2" [stack: 0x0000009512300000,0x0000009512400000] [id=7980]
  0x0000021d892e3230 ConcurrentGCThread "G1 Main Marker" [stack: 0x0000009510d00000,0x0000009510e00000] [id=9252]
  0x0000021d892e44d0 ConcurrentGCThread "G1 Conc#0" [stack: 0x0000009510e00000,0x0000009510f00000] [id=756]
  0x0000021d8936d990 ConcurrentGCThread "G1 Refine#0" [stack: 0x0000009510f00000,0x0000009511000000] [id=6864]
  0x0000021d8936e340 ConcurrentGCThread "G1 Young RemSet Sampling" [stack: 0x0000009511000000,0x0000009511100000] [id=1576]

Threads with active compile tasks:

VM state: not at safepoint (normal execution)

VM Mutex/Monitor currently owned by a thread: None

Heap address: 0x0000000081a00000, size: 2022 MB, Compressed Oops mode: 32-bit
CDS disabled.
Compressed class space mapped at: 0x0000000100000000-0x0000000140000000, size: 1073741824
Narrow klass base: 0x0000000000000000, Narrow klass shift: 3, Narrow klass range: 0x140000000

GC Precious Log:
 CPUs: 8 total, 8 available
 Memory: 8083M
 Large Page Support: Disabled
 NUMA Support: Disabled
 Compressed Oops: Enabled (32-bit)
 Heap Region Size: 1M
 Heap Min Capacity: 8M
 Heap Initial Capacity: 128M
 Heap Max Capacity: 2022M
 Pre-touch: Disabled
 Parallel Workers: 8
 Concurrent Workers: 2
 Concurrent Refinement Workers: 8
 Periodic GC: Disabled

Heap:
 garbage-first heap   total 131072K, used 6567K [0x0000000081a00000, 0x0000000100000000)
  region size 1024K, 7 young (7168K), 3 survivors (3072K)
 Metaspace       used 15800K, capacity 16053K, committed 16256K, reserved 1064960K
  class space    used 1495K, capacity 1551K, committed 1664K, reserved 1048576K

Heap Regions: E=young(eden), S=young(survivor), O=old, HS=humongous(starts), HC=humongous(continues), CS=collection set, F=free, OA=open archive, CA=closed archive, TAMS=top-at-mark-start (previous, next)
|   0|0x0000000081a00000, 0x0000000081a69e00, 0x0000000081b00000| 41%| O|  |TAMS 0x0000000081a00000, 0x0000000081a00000| Untracked 
|   1|0x0000000081b00000, 0x0000000081b00000, 0x0000000081c00000|  0%| F|  |TAMS 0x0000000081b00000, 0x0000000081b00000| Untracked 
|   2|0x0000000081c00000, 0x0000000081c00000, 0x0000000081d00000|  0%| F|  |TAMS 0x0000000081c00000, 0x0000000081c00000| Untracked 
|   3|0x0000000081d00000, 0x0000000081d00000, 0x0000000081e00000|  0%| F|  |TAMS 0x0000000081d00000, 0x0000000081d00000| Untracked 
|   4|0x0000000081e00000, 0x0000000081e00000, 0x0000000081f00000|  0%| F|  |TAMS 0x0000000081e00000, 0x0000000081e00000| Untracked 
|   5|0x0000000081f00000, 0x0000000081f00000, 0x0000000082000000|  0%| F|  |TAMS 0x0000000081f00000, 0x0000000081f00000| Untracked 
|   6|0x0000000082000000, 0x0000000082000000, 0x0000000082100000|  0%| F|  |TAMS 0x0000000082000000, 0x0000000082000000| Untracked 
|   7|0x0000000082100000, 0x0000000082100000, 0x0000000082200000|  0%| F|  |TAMS 0x0000000082100000, 0x0000000082100000| Untracked 
|   8|0x0000000082200000, 0x0000000082200000, 0x0000000082300000|  0%| F|  |TAMS 0x0000000082200000, 0x0000000082200000| Untracked 
|   9|0x0000000082300000, 0x0000000082300000, 0x0000000082400000|  0%| F|  |TAMS 0x0000000082300000, 0x0000000082300000| Untracked 
|  10|0x0000000082400000, 0x0000000082400000, 0x0000000082500000|  0%| F|  |TAMS 0x0000000082400000, 0x0000000082400000| Untracked 
|  11|0x0000000082500000, 0x0000000082500000, 0x0000000082600000|  0%| F|  |TAMS 0x0000000082500000, 0x0000000082500000| Untracked 
|  12|0x0000000082600000, 0x0000000082600000, 0x0000000082700000|  0%| F|  |TAMS 0x0000000082600000, 0x0000000082600000| Untracked 
|  13|0x0000000082700000, 0x0000000082700000, 0x0000000082800000|  0%| F|  |TAMS 0x0000000082700000, 0x0000000082700000| Untracked 
|  14|0x0000000082800000, 0x0000000082800000, 0x0000000082900000|  0%| F|  |TAMS 0x0000000082800000, 0x0000000082800000| Untracked 
|  15|0x0000000082900000, 0x0000000082900000, 0x0000000082a00000|  0%| F|  |TAMS 0x0000000082900000, 0x0000000082900000| Untracked 
|  16|0x0000000082a00000, 0x0000000082a00000, 0x0000000082b00000|  0%| F|  |TAMS 0x0000000082a00000, 0x0000000082a00000| Untracked 
|  17|0x0000000082b00000, 0x0000000082b00000, 0x0000000082c00000|  0%| F|  |TAMS 0x0000000082b00000, 0x0000000082b00000| Untracked 
|  18|0x0000000082c00000, 0x0000000082c00000, 0x0000000082d00000|  0%| F|  |TAMS 0x0000000082c00000, 0x0000000082c00000| Untracked 
|  19|0x0000000082d00000, 0x0000000082d00000, 0x0000000082e00000|  0%| F|  |TAMS 0x0000000082d00000, 0x0000000082d00000| Untracked 
|  20|0x0000000082e00000, 0x0000000082e00000, 0x0000000082f00000|  0%| F|  |TAMS 0x0000000082e00000, 0x0000000082e00000| Untracked 
|  21|0x0000000082f00000, 0x0000000082f00000, 0x0000000083000000|  0%| F|  |TAMS 0x0000000082f00000, 0x0000000082f00000| Untracked 
|  22|0x0000000083000000, 0x0000000083000000, 0x0000000083100000|  0%| F|  |TAMS 0x0000000083000000, 0x0000000083000000| Untracked 
|  23|0x0000000083100000, 0x0000000083100000, 0x0000000083200000|  0%| F|  |TAMS 0x0000000083100000, 0x0000000083100000| Untracked 
|  24|0x0000000083200000, 0x0000000083200000, 0x0000000083300000|  0%| F|  |TAMS 0x0000000083200000, 0x0000000083200000| Untracked 
|  25|0x0000000083300000, 0x0000000083300000, 0x0000000083400000|  0%| F|  |TAMS 0x0000000083300000, 0x0000000083300000| Untracked 
|  26|0x0000000083400000, 0x0000000083400000, 0x0000000083500000|  0%| F|  |TAMS 0x0000000083400000, 0x0000000083400000| Untracked 
|  27|0x0000000083500000, 0x0000000083500000, 0x0000000083600000|  0%| F|  |TAMS 0x0000000083500000, 0x0000000083500000| Untracked 
|  28|0x0000000083600000, 0x0000000083600000, 0x0000000083700000|  0%| F|  |TAMS 0x0000000083600000, 0x0000000083600000| Untracked 
|  29|0x0000000083700000, 0x0000000083700000, 0x0000000083800000|  0%| F|  |TAMS 0x0000000083700000, 0x0000000083700000| Untracked 
|  30|0x0000000083800000, 0x0000000083800000, 0x0000000083900000|  0%| F|  |TAMS 0x0000000083800000, 0x0000000083800000| Untracked 
|  31|0x0000000083900000, 0x0000000083900000, 0x0000000083a00000|  0%| F|  |TAMS 0x0000000083900000, 0x0000000083900000| Untracked 
|  32|0x0000000083a00000, 0x0000000083a00000, 0x0000000083b00000|  0%| F|  |TAMS 0x0000000083a00000, 0x0000000083a00000| Untracked 
|  33|0x0000000083b00000, 0x0000000083b00000, 0x0000000083c00000|  0%| F|  |TAMS 0x0000000083b00000, 0x0000000083b00000| Untracked 
|  34|0x0000000083c00000, 0x0000000083c00000, 0x0000000083d00000|  0%| F|  |TAMS 0x0000000083c00000, 0x0000000083c00000| Untracked 
|  35|0x0000000083d00000, 0x0000000083d00000, 0x0000000083e00000|  0%| F|  |TAMS 0x0000000083d00000, 0x0000000083d00000| Untracked 
|  36|0x0000000083e00000, 0x0000000083e00000, 0x0000000083f00000|  0%| F|  |TAMS 0x0000000083e00000, 0x0000000083e00000| Untracked 
|  37|0x0000000083f00000, 0x0000000083f00000, 0x0000000084000000|  0%| F|  |TAMS 0x0000000083f00000, 0x0000000083f00000| Untracked 
|  38|0x0000000084000000, 0x0000000084000000, 0x0000000084100000|  0%| F|  |TAMS 0x0000000084000000, 0x0000000084000000| Untracked 
|  39|0x0000000084100000, 0x0000000084100000, 0x0000000084200000|  0%| F|  |TAMS 0x0000000084100000, 0x0000000084100000| Untracked 
|  40|0x0000000084200000, 0x0000000084200000, 0x0000000084300000|  0%| F|  |TAMS 0x0000000084200000, 0x0000000084200000| Untracked 
|  41|0x0000000084300000, 0x0000000084300000, 0x0000000084400000|  0%| F|  |TAMS 0x0000000084300000, 0x0000000084300000| Untracked 
|  42|0x0000000084400000, 0x0000000084400000, 0x0000000084500000|  0%| F|  |TAMS 0x0000000084400000, 0x0000000084400000| Untracked 
|  43|0x0000000084500000, 0x0000000084500000, 0x0000000084600000|  0%| F|  |TAMS 0x0000000084500000, 0x0000000084500000| Untracked 
|  44|0x0000000084600000, 0x0000000084600000, 0x0000000084700000|  0%| F|  |TAMS 0x0000000084600000, 0x0000000084600000| Untracked 
|  45|0x0000000084700000, 0x0000000084700000, 0x0000000084800000|  0%| F|  |TAMS 0x0000000084700000, 0x0000000084700000| Untracked 
|  46|0x0000000084800000, 0x0000000084800000, 0x0000000084900000|  0%| F|  |TAMS 0x0000000084800000, 0x0000000084800000| Untracked 
|  47|0x0000000084900000, 0x0000000084900000, 0x0000000084a00000|  0%| F|  |TAMS 0x0000000084900000, 0x0000000084900000| Untracked 
|  48|0x0000000084a00000, 0x0000000084a00000, 0x0000000084b00000|  0%| F|  |TAMS 0x0000000084a00000, 0x0000000084a00000| Untracked 
|  49|0x0000000084b00000, 0x0000000084b00000, 0x0000000084c00000|  0%| F|  |TAMS 0x0000000084b00000, 0x0000000084b00000| Untracked 
|  50|0x0000000084c00000, 0x0000000084c00000, 0x0000000084d00000|  0%| F|  |TAMS 0x0000000084c00000, 0x0000000084c00000| Untracked 
|  51|0x0000000084d00000, 0x0000000084d00000, 0x0000000084e00000|  0%| F|  |TAMS 0x0000000084d00000, 0x0000000084d00000| Untracked 
|  52|0x0000000084e00000, 0x0000000084e00000, 0x0000000084f00000|  0%| F|  |TAMS 0x0000000084e00000, 0x0000000084e00000| Untracked 
|  53|0x0000000084f00000, 0x0000000084f00000, 0x0000000085000000|  0%| F|  |TAMS 0x0000000084f00000, 0x0000000084f00000| Untracked 
|  54|0x0000000085000000, 0x0000000085000000, 0x0000000085100000|  0%| F|  |TAMS 0x0000000085000000, 0x0000000085000000| Untracked 
|  55|0x0000000085100000, 0x0000000085100000, 0x0000000085200000|  0%| F|  |TAMS 0x0000000085100000, 0x0000000085100000| Untracked 
|  56|0x0000000085200000, 0x0000000085200000, 0x0000000085300000|  0%| F|  |TAMS 0x0000000085200000, 0x0000000085200000| Untracked 
|  57|0x0000000085300000, 0x0000000085300000, 0x0000000085400000|  0%| F|  |TAMS 0x0000000085300000, 0x0000000085300000| Untracked 
|  58|0x0000000085400000, 0x0000000085400000, 0x0000000085500000|  0%| F|  |TAMS 0x0000000085400000, 0x0000000085400000| Untracked 
|  59|0x0000000085500000, 0x0000000085500000, 0x0000000085600000|  0%| F|  |TAMS 0x0000000085500000, 0x0000000085500000| Untracked 
|  60|0x0000000085600000, 0x0000000085600000, 0x0000000085700000|  0%| F|  |TAMS 0x0000000085600000, 0x0000000085600000| Untracked 
|  61|0x0000000085700000, 0x0000000085700000, 0x0000000085800000|  0%| F|  |TAMS 0x0000000085700000, 0x0000000085700000| Untracked 
|  62|0x0000000085800000, 0x0000000085800000, 0x0000000085900000|  0%| F|  |TAMS 0x0000000085800000, 0x0000000085800000| Untracked 
|  63|0x0000000085900000, 0x0000000085900000, 0x0000000085a00000|  0%| F|  |TAMS 0x0000000085900000, 0x0000000085900000| Untracked 
|  64|0x0000000085a00000, 0x0000000085a00000, 0x0000000085b00000|  0%| F|  |TAMS 0x0000000085a00000, 0x0000000085a00000| Untracked 
|  65|0x0000000085b00000, 0x0000000085b00000, 0x0000000085c00000|  0%| F|  |TAMS 0x0000000085b00000, 0x0000000085b00000| Untracked 
|  66|0x0000000085c00000, 0x0000000085c00000, 0x0000000085d00000|  0%| F|  |TAMS 0x0000000085c00000, 0x0000000085c00000| Untracked 
|  67|0x0000000085d00000, 0x0000000085d00000, 0x0000000085e00000|  0%| F|  |TAMS 0x0000000085d00000, 0x0000000085d00000| Untracked 
|  68|0x0000000085e00000, 0x0000000085e00000, 0x0000000085f00000|  0%| F|  |TAMS 0x0000000085e00000, 0x0000000085e00000| Untracked 
|  69|0x0000000085f00000, 0x0000000085f00000, 0x0000000086000000|  0%| F|  |TAMS 0x0000000085f00000, 0x0000000085f00000| Untracked 
|  70|0x0000000086000000, 0x0000000086000000, 0x0000000086100000|  0%| F|  |TAMS 0x0000000086000000, 0x0000000086000000| Untracked 
|  71|0x0000000086100000, 0x0000000086100000, 0x0000000086200000|  0%| F|  |TAMS 0x0000000086100000, 0x0000000086100000| Untracked 
|  72|0x0000000086200000, 0x0000000086200000, 0x0000000086300000|  0%| F|  |TAMS 0x0000000086200000, 0x0000000086200000| Untracked 
|  73|0x0000000086300000, 0x0000000086300000, 0x0000000086400000|  0%| F|  |TAMS 0x0000000086300000, 0x0000000086300000| Untracked 
|  74|0x0000000086400000, 0x0000000086400000, 0x0000000086500000|  0%| F|  |TAMS 0x0000000086400000, 0x0000000086400000| Untracked 
|  75|0x0000000086500000, 0x0000000086500000, 0x0000000086600000|  0%| F|  |TAMS 0x0000000086500000, 0x0000000086500000| Untracked 
|  76|0x0000000086600000, 0x0000000086600000, 0x0000000086700000|  0%| F|  |TAMS 0x0000000086600000, 0x0000000086600000| Untracked 
|  77|0x0000000086700000, 0x0000000086700000, 0x0000000086800000|  0%| F|  |TAMS 0x0000000086700000, 0x0000000086700000| Untracked 
|  78|0x0000000086800000, 0x0000000086800000, 0x0000000086900000|  0%| F|  |TAMS 0x0000000086800000, 0x0000000086800000| Untracked 
|  79|0x0000000086900000, 0x0000000086900000, 0x0000000086a00000|  0%| F|  |TAMS 0x0000000086900000, 0x0000000086900000| Untracked 
|  80|0x0000000086a00000, 0x0000000086a00000, 0x0000000086b00000|  0%| F|  |TAMS 0x0000000086a00000, 0x0000000086a00000| Untracked 
|  81|0x0000000086b00000, 0x0000000086b00000, 0x0000000086c00000|  0%| F|  |TAMS 0x0000000086b00000, 0x0000000086b00000| Untracked 
|  82|0x0000000086c00000, 0x0000000086c00000, 0x0000000086d00000|  0%| F|  |TAMS 0x0000000086c00000, 0x0000000086c00000| Untracked 
|  83|0x0000000086d00000, 0x0000000086d00000, 0x0000000086e00000|  0%| F|  |TAMS 0x0000000086d00000, 0x0000000086d00000| Untracked 
|  84|0x0000000086e00000, 0x0000000086e00000, 0x0000000086f00000|  0%| F|  |TAMS 0x0000000086e00000, 0x0000000086e00000| Untracked 
|  85|0x0000000086f00000, 0x0000000086f00000, 0x0000000087000000|  0%| F|  |TAMS 0x0000000086f00000, 0x0000000086f00000| Untracked 
|  86|0x0000000087000000, 0x0000000087000000, 0x0000000087100000|  0%| F|  |TAMS 0x0000000087000000, 0x0000000087000000| Untracked 
|  87|0x0000000087100000, 0x0000000087100000, 0x0000000087200000|  0%| F|  |TAMS 0x0000000087100000, 0x0000000087100000| Untracked 
|  88|0x0000000087200000, 0x0000000087200000, 0x0000000087300000|  0%| F|  |TAMS 0x0000000087200000, 0x0000000087200000| Untracked 
|  89|0x0000000087300000, 0x0000000087300000, 0x0000000087400000|  0%| F|  |TAMS 0x0000000087300000, 0x0000000087300000| Untracked 
|  90|0x0000000087400000, 0x0000000087400000, 0x0000000087500000|  0%| F|  |TAMS 0x0000000087400000, 0x0000000087400000| Untracked 
|  91|0x0000000087500000, 0x0000000087500000, 0x0000000087600000|  0%| F|  |TAMS 0x0000000087500000, 0x0000000087500000| Untracked 
|  92|0x0000000087600000, 0x0000000087600000, 0x0000000087700000|  0%| F|  |TAMS 0x0000000087600000, 0x0000000087600000| Untracked 
|  93|0x0000000087700000, 0x0000000087700000, 0x0000000087800000|  0%| F|  |TAMS 0x0000000087700000, 0x0000000087700000| Untracked 
|  94|0x0000000087800000, 0x0000000087800000, 0x0000000087900000|  0%| F|  |TAMS 0x0000000087800000, 0x0000000087800000| Untracked 
|  95|0x0000000087900000, 0x0000000087900000, 0x0000000087a00000|  0%| F|  |TAMS 0x0000000087900000, 0x0000000087900000| Untracked 
|  96|0x0000000087a00000, 0x0000000087a00000, 0x0000000087b00000|  0%| F|  |TAMS 0x0000000087a00000, 0x0000000087a00000| Untracked 
|  97|0x0000000087b00000, 0x0000000087b00000, 0x0000000087c00000|  0%| F|  |TAMS 0x0000000087b00000, 0x0000000087b00000| Untracked 
|  98|0x0000000087c00000, 0x0000000087c00000, 0x0000000087d00000|  0%| F|  |TAMS 0x0000000087c00000, 0x0000000087c00000| Untracked 
|  99|0x0000000087d00000, 0x0000000087d00000, 0x0000000087e00000|  0%| F|  |TAMS 0x0000000087d00000, 0x0000000087d00000| Untracked 
| 100|0x0000000087e00000, 0x0000000087e00000, 0x0000000087f00000|  0%| F|  |TAMS 0x0000000087e00000, 0x0000000087e00000| Untracked 
| 101|0x0000000087f00000, 0x0000000087f00000, 0x0000000088000000|  0%| F|  |TAMS 0x0000000087f00000, 0x0000000087f00000| Untracked 
| 102|0x0000000088000000, 0x0000000088100000, 0x0000000088100000|100%| S|CS|TAMS 0x0000000088000000, 0x0000000088000000| Complete 
| 103|0x0000000088100000, 0x0000000088200000, 0x0000000088200000|100%| S|CS|TAMS 0x0000000088100000, 0x0000000088100000| Complete 
| 104|0x0000000088200000, 0x0000000088300000, 0x0000000088300000|100%| S|CS|TAMS 0x0000000088200000, 0x0000000088200000| Complete 
| 105|0x0000000088300000, 0x0000000088300000, 0x0000000088400000|  0%| F|  |TAMS 0x0000000088300000, 0x0000000088300000| Untracked 
| 106|0x0000000088400000, 0x0000000088400000, 0x0000000088500000|  0%| F|  |TAMS 0x0000000088400000, 0x0000000088400000| Untracked 
| 107|0x0000000088500000, 0x0000000088500000, 0x0000000088600000|  0%| F|  |TAMS 0x0000000088500000, 0x0000000088500000| Untracked 
| 108|0x0000000088600000, 0x0000000088600000, 0x0000000088700000|  0%| F|  |TAMS 0x0000000088600000, 0x0000000088600000| Untracked 
| 109|0x0000000088700000, 0x0000000088700000, 0x0000000088800000|  0%| F|  |TAMS 0x0000000088700000, 0x0000000088700000| Untracked 
| 110|0x0000000088800000, 0x0000000088800000, 0x0000000088900000|  0%| F|  |TAMS 0x0000000088800000, 0x0000000088800000| Untracked 
| 111|0x0000000088900000, 0x0000000088900000, 0x0000000088a00000|  0%| F|  |TAMS 0x0000000088900000, 0x0000000088900000| Untracked 
| 112|0x0000000088a00000, 0x0000000088a00000, 0x0000000088b00000|  0%| F|  |TAMS 0x0000000088a00000, 0x0000000088a00000| Untracked 
| 113|0x0000000088b00000, 0x0000000088b00000, 0x0000000088c00000|  0%| F|  |TAMS 0x0000000088b00000, 0x0000000088b00000| Untracked 
| 114|0x0000000088c00000, 0x0000000088c00000, 0x0000000088d00000|  0%| F|  |TAMS 0x0000000088c00000, 0x0000000088c00000| Untracked 
| 115|0x0000000088d00000, 0x0000000088d00000, 0x0000000088e00000|  0%| F|  |TAMS 0x0000000088d00000, 0x0000000088d00000| Untracked 
| 116|0x0000000088e00000, 0x0000000088e00000, 0x0000000088f00000|  0%| F|  |TAMS 0x0000000088e00000, 0x0000000088e00000| Untracked 
| 117|0x0000000088f00000, 0x0000000088f00000, 0x0000000089000000|  0%| F|  |TAMS 0x0000000088f00000, 0x0000000088f00000| Untracked 
| 118|0x0000000089000000, 0x0000000089000000, 0x0000000089100000|  0%| F|  |TAMS 0x0000000089000000, 0x0000000089000000| Untracked 
| 119|0x0000000089100000, 0x0000000089100000, 0x0000000089200000|  0%| F|  |TAMS 0x0000000089100000, 0x0000000089100000| Untracked 
| 120|0x0000000089200000, 0x0000000089200000, 0x0000000089300000|  0%| F|  |TAMS 0x0000000089200000, 0x0000000089200000| Untracked 
| 121|0x0000000089300000, 0x0000000089300000, 0x0000000089400000|  0%| F|  |TAMS 0x0000000089300000, 0x0000000089300000| Untracked 
| 122|0x0000000089400000, 0x0000000089400000, 0x0000000089500000|  0%| F|  |TAMS 0x0000000089400000, 0x0000000089400000| Untracked 
| 123|0x0000000089500000, 0x0000000089500000, 0x0000000089600000|  0%| F|  |TAMS 0x0000000089500000, 0x0000000089500000| Untracked 
| 124|0x0000000089600000, 0x000000008964db98, 0x0000000089700000| 30%| E|  |TAMS 0x0000000089600000, 0x0000000089600000| Complete 
| 125|0x0000000089700000, 0x0000000089800000, 0x0000000089800000|100%| E|CS|TAMS 0x0000000089700000, 0x0000000089700000| Complete 
| 126|0x0000000089800000, 0x0000000089900000, 0x0000000089900000|100%| E|CS|TAMS 0x0000000089800000, 0x0000000089800000| Complete 
| 127|0x0000000089900000, 0x0000000089a00000, 0x0000000089a00000|100%| E|CS|TAMS 0x0000000089900000, 0x0000000089900000| Complete 

Card table byte_map: [0x0000021d9c3e0000,0x0000021d9c7e0000] _byte_map_base: 0x0000021d9bfd3000

Marking Bits (Prev, Next): (CMBitMap*) 0x0000021d892d1c00, (CMBitMap*) 0x0000021d892d1c40
 Prev Bits: [0x0000021d9cbe0000, 0x0000021d9eb78000)
 Next Bits: [0x0000021d9eb80000, 0x0000021da0b18000)

Polling page: 0x0000021d870b0000

Metaspace:

Usage:
  Non-class:     14.16 MB capacity,    13.97 MB ( 99%) used,   183.12 KB (  1%) free+waste,    13.50 KB ( <1%) overhead. 
      Class:      1.51 MB capacity,     1.46 MB ( 96%) used,    51.29 KB (  3%) free+waste,     4.44 KB ( <1%) overhead. 
       Both:     15.68 MB capacity,    15.43 MB ( 98%) used,   234.41 KB (  1%) free+waste,    17.94 KB ( <1%) overhead. 

Virtual space:
  Non-class space:       16.00 MB reserved,      14.25 MB ( 89%) committed 
      Class space:        1.00 GB reserved,       1.62 MB ( <1%) committed 
             Both:        1.02 GB reserved,      15.88 MB (  2%) committed 

Chunk freelists:
   Non-Class:  26.00 KB
       Class:  17.00 KB
        Both:  43.00 KB

MaxMetaspaceSize: 17179869184.00 GB
CompressedClassSpaceSize: 1.00 GB

CodeHeap 'non-profiled nmethods': size=120000Kb used=541Kb max_used=541Kb free=119458Kb
 bounds [0x0000021d94780000, 0x0000021d949f0000, 0x0000021d9bcb0000]
CodeHeap 'profiled nmethods': size=120000Kb used=1961Kb max_used=1961Kb free=118038Kb
 bounds [0x0000021d8d250000, 0x0000021d8d4c0000, 0x0000021d94780000]
CodeHeap 'non-nmethods': size=5760Kb used=1278Kb max_used=1313Kb free=4481Kb
 bounds [0x0000021d8ccb0000, 0x0000021d8cf20000, 0x0000021d8d250000]
 total_blobs=1642 nmethods=1190 adapters=365
 compilation: enabled
              stopped_count=0, restarted_count=0
 full_count=0

Compilation events (20 events):
Event: 0.810 Thread 0x0000021da3f8e2f0 1181       4       sun.security.provider.SHA5::lf_sigma1 (21 bytes)
Event: 0.810 Thread 0x0000021da3f8e2f0 nmethod 1181 0x0000021d94800910 code [0x0000021d94800a80, 0x0000021d94800ad8]
Event: 0.810 Thread 0x0000021da3f8e2f0 1184       4       sun.security.provider.SHA5::lf_sigma0 (21 bytes)
Event: 0.811 Thread 0x0000021da3f8e2f0 nmethod 1184 0x0000021d94800c10 code [0x0000021d94800d80, 0x0000021d94800dd8]
Event: 0.811 Thread 0x0000021da3f8e2f0 1183       4       java.lang.Long::reverseBytes (46 bytes)
Event: 0.811 Thread 0x0000021da3f8e2f0 nmethod 1183 0x0000021d94800f10 code [0x0000021d94801080, 0x0000021d94801118]
Event: 0.816 Thread 0x0000021da3dea380 nmethod 1173 0x0000021d94801210 code [0x0000021d948013a0, 0x0000021d94802008]
Event: 0.816 Thread 0x0000021da3dea380 1185       4       sun.security.provider.SHA5::lf_delta1 (21 bytes)
Event: 0.816 Thread 0x0000021da3dee850 1186       3       sun.security.provider.DigestBase::implCompressMultiBlockCheck (67 bytes)
Event: 0.817 Thread 0x0000021da3dea380 nmethod 1185 0x0000021d94802310 code [0x0000021d94802480, 0x0000021d948024d8]
Event: 0.817 Thread 0x0000021da3dee850 nmethod 1186 0x0000021d8d438290 code [0x0000021d8d4384a0, 0x0000021d8d438a08]
Event: 0.831 Thread 0x0000021da4743380 nmethod 1085% 0x0000021d94802610 code [0x0000021d948028c0, 0x0000021d94805e28]
Event: 0.960 Thread 0x0000021da3dee850 1187       3       java.nio.Buffer::remaining (20 bytes)
Event: 0.960 Thread 0x0000021da3dee850 nmethod 1187 0x0000021d8d438c90 code [0x0000021d8d438e20, 0x0000021d8d438f78]
Event: 0.965 Thread 0x0000021da3dee850 1188       3       com.sun.crypto.provider.GHASH::blockMult (245 bytes)
Event: 0.966 Thread 0x0000021da3dee850 nmethod 1188 0x0000021d8d439010 code [0x0000021d8d4391c0, 0x0000021d8d439618]
Event: 0.968 Thread 0x0000021da3dee850 1189       3       java.nio.ByteBuffer::position (6 bytes)
Event: 0.969 Thread 0x0000021da3dee850 nmethod 1189 0x0000021d8d439910 code [0x0000021d8d439ac0, 0x0000021d8d439c88]
Event: 3841.189 Thread 0x0000021da3dee850 1190       3       java.lang.ref.ReferenceQueue::reallyPoll (65 bytes)
Event: 3841.190 Thread 0x0000021da3dee850 nmethod 1190 0x0000021d8d439d10 code [0x0000021d8d439ee0, 0x0000021d8d43a3d8]

GC Heap History (2 events):
Event: 0.737 GC heap before
{Heap before GC invocations=0 (full 0):
 garbage-first heap   total 131072K, used 22528K [0x0000000081a00000, 0x0000000100000000)
  region size 1024K, 23 young (23552K), 0 survivors (0K)
 Metaspace       used 14803K, capacity 14997K, committed 15104K, reserved 1062912K
  class space    used 1391K, capacity 1455K, committed 1536K, reserved 1048576K
}
Event: 0.743 GC heap after
{Heap after GC invocations=1 (full 0):
 garbage-first heap   total 131072K, used 3495K [0x0000000081a00000, 0x0000000100000000)
  region size 1024K, 3 young (3072K), 3 survivors (3072K)
 Metaspace       used 14803K, capacity 14997K, committed 15104K, reserved 1062912K
  class space    used 1391K, capacity 1455K, committed 1536K, reserved 1048576K
}

Deoptimization events (20 events):
Event: 0.761 Thread 0x0000021d8928f880 Uncommon trap: trap_request=0xffffffde fr.pc=0x0000021d947e55d8 relative=0x0000000000002698
Event: 0.761 Thread 0x0000021d8928f880 Uncommon trap: reason=class_check action=maybe_recompile pc=0x0000021d947e55d8 method=sun.security.util.AbstractAlgorithmConstraints.checkAlgorithm(Ljava/util/List;Ljava/lang/String;Lsun/security/util/AlgorithmDecomposer;)Z @ 86 c2
Event: 0.761 Thread 0x0000021d8928f880 DEOPT PACKING pc=0x0000021d947e55d8 sp=0x0000009510bfdec0
Event: 0.761 Thread 0x0000021d8928f880 DEOPT UNPACKING pc=0x0000021d8ccfe42f sp=0x0000009510bfded8 mode 2
Event: 0.809 Thread 0x0000021d8928f880 Uncommon trap: trap_request=0xffffffc6 fr.pc=0x0000021d947df724 relative=0x00000000000012e4
Event: 0.809 Thread 0x0000021d8928f880 Uncommon trap: reason=bimorphic_or_optimized_type_check action=maybe_recompile pc=0x0000021d947df724 method=java.util.regex.Pattern$Branch.match(Ljava/util/regex/Matcher;ILjava/lang/CharSequence;)Z @ 50 c2
Event: 0.809 Thread 0x0000021d8928f880 DEOPT PACKING pc=0x0000021d947df724 sp=0x0000009510bfdf70
Event: 0.809 Thread 0x0000021d8928f880 DEOPT UNPACKING pc=0x0000021d8ccfe42f sp=0x0000009510bfdfc0 mode 2
Event: 0.809 Thread 0x0000021d8928f880 Uncommon trap: trap_request=0xffffffc6 fr.pc=0x0000021d947df724 relative=0x00000000000012e4
Event: 0.809 Thread 0x0000021d8928f880 Uncommon trap: reason=bimorphic_or_optimized_type_check action=maybe_recompile pc=0x0000021d947df724 method=java.util.regex.Pattern$Branch.match(Ljava/util/regex/Matcher;ILjava/lang/CharSequence;)Z @ 50 c2
Event: 0.809 Thread 0x0000021d8928f880 DEOPT PACKING pc=0x0000021d947df724 sp=0x0000009510bfdf70
Event: 0.809 Thread 0x0000021d8928f880 DEOPT UNPACKING pc=0x0000021d8ccfe42f sp=0x0000009510bfdfc0 mode 2
Event: 0.810 Thread 0x0000021d8928f880 Uncommon trap: trap_request=0xffffffc6 fr.pc=0x0000021d947df724 relative=0x00000000000012e4
Event: 0.810 Thread 0x0000021d8928f880 Uncommon trap: reason=bimorphic_or_optimized_type_check action=maybe_recompile pc=0x0000021d947df724 method=java.util.regex.Pattern$Branch.match(Ljava/util/regex/Matcher;ILjava/lang/CharSequence;)Z @ 50 c2
Event: 0.810 Thread 0x0000021d8928f880 DEOPT PACKING pc=0x0000021d947df724 sp=0x0000009510bfdee0
Event: 0.810 Thread 0x0000021d8928f880 DEOPT UNPACKING pc=0x0000021d8ccfe42f sp=0x0000009510bfdf30 mode 2
Event: 0.810 Thread 0x0000021d8928f880 Uncommon trap: trap_request=0xffffffc6 fr.pc=0x0000021d947df724 relative=0x00000000000012e4
Event: 0.810 Thread 0x0000021d8928f880 Uncommon trap: reason=bimorphic_or_optimized_type_check action=maybe_recompile pc=0x0000021d947df724 method=java.util.regex.Pattern$Branch.match(Ljava/util/regex/Matcher;ILjava/lang/CharSequence;)Z @ 50 c2
Event: 0.810 Thread 0x0000021d8928f880 DEOPT PACKING pc=0x0000021d947df724 sp=0x0000009510bfdee0
Event: 0.810 Thread 0x0000021d8928f880 DEOPT UNPACKING pc=0x0000021d8ccfe42f sp=0x0000009510bfdf30 mode 2

Classes unloaded (0 events):
No events

Classes redefined (3 events):
Event: 88.359 Thread 0x0000021da35865c0 redefined class name=java_20210520.TistoryScanningDemo, count=1
Event: 580.406 Thread 0x0000021da35865c0 redefined class name=java_20210520.TistoryScanningDemo, count=2
Event: 4394.811 Thread 0x0000021da35865c0 redefined class name=java_20210520.TistoryScanningDemo, count=3

Internal exceptions (13 events):
Event: 0.244 Thread 0x0000021d8928f880 Exception <a 'java/lang/NoSuchMethodError'{0x00000000898e70a8}: 'void java.lang.invoke.DirectMethodHandle$Holder.invokeStatic(java.lang.Object, java.lang.Object)'> (0x00000000898e70a8) 
thrown [./open/src/hotspot/share/interpreter/linkResolver.cpp, line 782]
Event: 0.245 Thread 0x0000021d8928f880 Exception <a 'java/lang/NoSuchMethodError'{0x00000000898ead50}: 'void java.lang.invoke.DirectMethodHandle$Holder.invokeStaticInit(java.lang.Object, java.lang.Object)'> (0x00000000898ead50) 
thrown [./open/src/hotspot/share/interpreter/linkResolver.cpp, line 782]
Event: 0.320 Thread 0x0000021d8928f880 Exception <a 'java/lang/NoSuchMethodError'{0x00000000896df6b8}: 'java.lang.Object java.lang.invoke.DirectMethodHandle$Holder.invokeStatic(java.lang.Object)'> (0x00000000896df6b8) 
thrown [./open/src/hotspot/share/interpreter/linkResolver.cpp, line 782]
Event: 0.356 Thread 0x0000021d8928f880 Exception <a 'java/lang/NoSuchMethodError'{0x00000000895cba38}: 'void java.lang.invoke.DirectMethodHandle$Holder.invokeSpecial(java.lang.Object, java.lang.Object, java.lang.Object)'> (0x00000000895cba38) 
thrown [./open/src/hotspot/share/interpreter/linkResolver.cpp, line 782]
Event: 0.381 Thread 0x0000021d8928f880 Exception <a 'java/lang/NoSuchMethodError'{0x0000000089304af0}: 'java.lang.Object java.lang.invoke.DirectMethodHandle$Holder.invokeStaticInit(java.lang.Object, int, int, int, int)'> (0x0000000089304af0) 
thrown [./open/src/hotspot/share/interpreter/linkResolver.cpp, line 782]
Event: 0.384 Thread 0x0000021d8928f880 Exception <a 'sun/nio/fs/WindowsException'{0x000000008930f770}> (0x000000008930f770) 
thrown [./open/src/hotspot/share/prims/jni.cpp, line 578]
Event: 0.397 Thread 0x0000021d8928f880 Exception <a 'java/lang/NoSuchMethodError'{0x0000000089381bf0}: 'int java.lang.invoke.DirectMethodHandle$Holder.invokeStaticInit(java.lang.Object, java.lang.Object, java.lang.Object, java.lang.Object)'> (0x0000000089381bf0) 
thrown [./open/src/hotspot/share/interpreter/linkResolver.cpp, line 782]
Event: 0.398 Thread 0x0000021d8928f880 Exception <a 'java/lang/NoSuchMethodError'{0x000000008938cad8}: 'java.lang.Object java.lang.invoke.DirectMethodHandle$Holder.invokeInterface(java.lang.Object, java.lang.Object)'> (0x000000008938cad8) 
thrown [./open/src/hotspot/share/interpreter/linkResolver.cpp, line 782]
Event: 0.398 Thread 0x0000021d8928f880 Exception <a 'java/lang/IncompatibleClassChangeError'{0x00000000893904d0}: Found class java.lang.Object, but interface was expected> (0x00000000893904d0) 
thrown [./open/src/hotspot/share/interpreter/linkResolver.cpp, line 848]
Event: 0.399 Thread 0x0000021d8928f880 Exception <a 'java/lang/NoSuchMethodError'{0x0000000089399170}: 'int java.lang.invoke.DirectMethodHandle$Holder.invokeStaticInit(java.lang.Object, java.lang.Object)'> (0x0000000089399170) 
thrown [./open/src/hotspot/share/interpreter/linkResolver.cpp, line 782]
Event: 0.527 Thread 0x0000021d8928f880 Exception <a 'java/lang/NoSuchMethodError'{0x0000000088b70bd0}: 'java.lang.Object java.lang.invoke.DirectMethodHandle$Holder.invokeStaticInit(java.lang.Object, java.lang.Object, int, int, int, int)'> (0x0000000088b70bd0) 
thrown [./open/src/hotspot/share/interpreter/linkResolver.cpp, line 782]
Event: 0.536 Thread 0x0000021d8928f880 Exception <a 'java/lang/NoSuchMethodError'{0x0000000088bc3728}: 'java.lang.Object java.lang.invoke.DirectMethodHandle$Holder.invokeStaticInit(java.lang.Object)'> (0x0000000088bc3728) 
thrown [./open/src/hotspot/share/interpreter/linkResolver.cpp, line 782]
Event: 4753.019 Thread 0x0000021da40e4780 Exception <a 'java/lang/LinkageError'{0x000000008960fbd0}> (0x000000008960fbd0) 
thrown [./open/src/hotspot/share/oops/generateOopMap.cpp, line 2137]

Events (20 events):
Event: 580.416 Executing VM operation: ChangeBreakpoints
Event: 580.417 Executing VM operation: ChangeBreakpoints done
Event: 580.419 Executing VM operation: GetFrameCount
Event: 580.419 Executing VM operation: GetFrameCount done
Event: 580.419 Executing VM operation: GetStackTrace
Event: 580.419 Executing VM operation: GetStackTrace done
Event: 580.449 Executing VM operation: GetFrameCount
Event: 580.449 Executing VM operation: GetFrameCount done
Event: 4394.809 Executing VM operation: RedefineClasses
Event: 4394.814 Executing VM operation: RedefineClasses done
Event: 4394.821 Executing VM operation: ChangeBreakpoints
Event: 4394.821 Executing VM operation: ChangeBreakpoints done
Event: 4394.821 Executing VM operation: ChangeBreakpoints
Event: 4394.822 Executing VM operation: ChangeBreakpoints done
Event: 4394.823 Executing VM operation: GetFrameCount
Event: 4394.824 Executing VM operation: GetFrameCount done
Event: 4394.824 Executing VM operation: GetStackTrace
Event: 4394.824 Executing VM operation: GetStackTrace done
Event: 4394.846 Executing VM operation: GetFrameCount
Event: 4394.846 Executing VM operation: GetFrameCount done


Dynamic libraries:
0x00007ff7ecfc0000 - 0x00007ff7ecfcd000 	C:\Users\user\Downloads\eclipse\eclipse\plugins\org.eclipse.justj.openjdk.hotspot.jre.full.win32.x86_64_15.0.2.v20210201-0955\jre\bin\javaw.exe
0x00007ff92e1d0000 - 0x00007ff92e3c5000 	C:\WINDOWS\SYSTEM32\ntdll.dll
0x00007ff92d410000 - 0x00007ff92d4cd000 	C:\WINDOWS\System32\KERNEL32.DLL
0x00007ff92bcf0000 - 0x00007ff92bfb8000 	C:\WINDOWS\System32\KERNELBASE.dll
0x00007ff92b990000 - 0x00007ff92ba90000 	C:\WINDOWS\System32\ucrtbase.dll
0x00007ff923e20000 - 0x00007ff923e39000 	C:\Users\user\Downloads\eclipse\eclipse\plugins\org.eclipse.justj.openjdk.hotspot.jre.full.win32.x86_64_15.0.2.v20210201-0955\jre\bin\VCRUNTIME140.dll
0x00007ff923ea0000 - 0x00007ff923eb8000 	C:\Users\user\Downloads\eclipse\eclipse\plugins\org.eclipse.justj.openjdk.hotspot.jre.full.win32.x86_64_15.0.2.v20210201-0955\jre\bin\jli.dll
0x00007ff92d6c0000 - 0x00007ff92d860000 	C:\WINDOWS\System32\USER32.dll
0x00007ff92bbb0000 - 0x00007ff92bbd2000 	C:\WINDOWS\System32\win32u.dll
0x00007ff915ab0000 - 0x00007ff915d4a000 	C:\WINDOWS\WinSxS\amd64_microsoft.windows.common-controls_6595b64144ccf1df_6.0.19041.844_none_ca00b6081b84eb1d\COMCTL32.dll
0x00007ff92d1f0000 - 0x00007ff92d21a000 	C:\WINDOWS\System32\GDI32.dll
0x00007ff92d4d0000 - 0x00007ff92d56e000 	C:\WINDOWS\System32\msvcrt.dll
0x00007ff92c120000 - 0x00007ff92c22b000 	C:\WINDOWS\System32\gdi32full.dll
0x00007ff92bb10000 - 0x00007ff92bbad000 	C:\WINDOWS\System32\msvcp_win.dll
0x00007ff92d5e0000 - 0x00007ff92d610000 	C:\WINDOWS\System32\IMM32.DLL
0x00007ff9258b0000 - 0x00007ff9258bc000 	C:\Users\user\Downloads\eclipse\eclipse\plugins\org.eclipse.justj.openjdk.hotspot.jre.full.win32.x86_64_15.0.2.v20210201-0955\jre\bin\vcruntime140_1.dll
0x00007ff91ab80000 - 0x00007ff91ac11000 	C:\Users\user\Downloads\eclipse\eclipse\plugins\org.eclipse.justj.openjdk.hotspot.jre.full.win32.x86_64_15.0.2.v20210201-0955\jre\bin\msvcp140.dll
0x00007ff8f6770000 - 0x00007ff8f72ce000 	C:\Users\user\Downloads\eclipse\eclipse\plugins\org.eclipse.justj.openjdk.hotspot.jre.full.win32.x86_64_15.0.2.v20210201-0955\jre\bin\server\jvm.dll
0x00007ff92ca80000 - 0x00007ff92cb2c000 	C:\WINDOWS\System32\ADVAPI32.dll
0x00007ff92c9e0000 - 0x00007ff92ca7b000 	C:\WINDOWS\System32\sechost.dll
0x00007ff92dd50000 - 0x00007ff92de7b000 	C:\WINDOWS\System32\RPCRT4.dll
0x00007ff92d1e0000 - 0x00007ff92d1e8000 	C:\WINDOWS\System32\PSAPI.DLL
0x00007ff928990000 - 0x00007ff928999000 	C:\WINDOWS\SYSTEM32\WSOCK32.dll
0x00007ff90df30000 - 0x00007ff90df57000 	C:\WINDOWS\SYSTEM32\WINMM.dll
0x00007ff922a20000 - 0x00007ff922a2a000 	C:\WINDOWS\SYSTEM32\VERSION.dll
0x00007ff92dea0000 - 0x00007ff92df0b000 	C:\WINDOWS\System32\WS2_32.dll
0x00007ff92a230000 - 0x00007ff92a242000 	C:\WINDOWS\SYSTEM32\kernel.appcore.dll
0x00007ff924e10000 - 0x00007ff924e1a000 	C:\Users\user\Downloads\eclipse\eclipse\plugins\org.eclipse.justj.openjdk.hotspot.jre.full.win32.x86_64_15.0.2.v20210201-0955\jre\bin\jimage.dll
0x00007ff929760000 - 0x00007ff929944000 	C:\WINDOWS\SYSTEM32\DBGHELP.DLL
0x00007ff915d80000 - 0x00007ff915dac000 	C:\WINDOWS\SYSTEM32\dbgcore.DLL
0x00007ff92b910000 - 0x00007ff92b990000 	C:\WINDOWS\System32\bcryptPrimitives.dll
0x00007ff923d60000 - 0x00007ff923d99000 	C:\Users\user\Downloads\eclipse\eclipse\plugins\org.eclipse.justj.openjdk.hotspot.jre.full.win32.x86_64_15.0.2.v20210201-0955\jre\bin\jdwp.dll
0x00007ff926d00000 - 0x00007ff926d0e000 	C:\Users\user\Downloads\eclipse\eclipse\plugins\org.eclipse.justj.openjdk.hotspot.jre.full.win32.x86_64_15.0.2.v20210201-0955\jre\bin\instrument.dll
0x00007ff90c390000 - 0x00007ff90c3b5000 	C:\Users\user\Downloads\eclipse\eclipse\plugins\org.eclipse.justj.openjdk.hotspot.jre.full.win32.x86_64_15.0.2.v20210201-0955\jre\bin\java.dll
0x00007ff90c6b0000 - 0x00007ff90c6c8000 	C:\Users\user\Downloads\eclipse\eclipse\plugins\org.eclipse.justj.openjdk.hotspot.jre.full.win32.x86_64_15.0.2.v20210201-0955\jre\bin\zip.dll
0x00007ff92c290000 - 0x00007ff92c9d2000 	C:\WINDOWS\System32\SHELL32.dll
0x00007ff929a40000 - 0x00007ff92a1d0000 	C:\WINDOWS\SYSTEM32\windows.storage.dll
0x00007ff92d860000 - 0x00007ff92dbb5000 	C:\WINDOWS\System32\combase.dll
0x00007ff92b2b0000 - 0x00007ff92b2dc000 	C:\WINDOWS\SYSTEM32\Wldp.dll
0x00007ff92d300000 - 0x00007ff92d3ae000 	C:\WINDOWS\System32\SHCORE.dll
0x00007ff92d3b0000 - 0x00007ff92d405000 	C:\WINDOWS\System32\shlwapi.dll
0x00007ff92b850000 - 0x00007ff92b86f000 	C:\WINDOWS\SYSTEM32\profapi.dll
0x00007ff925eb0000 - 0x00007ff925ebb000 	C:\Users\user\Downloads\eclipse\eclipse\plugins\org.eclipse.justj.openjdk.hotspot.jre.full.win32.x86_64_15.0.2.v20210201-0955\jre\bin\dt_socket.dll
0x00007ff92ad10000 - 0x00007ff92ad4b000 	C:\WINDOWS\SYSTEM32\IPHLPAPI.DLL
0x00007ff92b020000 - 0x00007ff92b08a000 	C:\WINDOWS\system32\mswsock.dll
0x00007ff92ad50000 - 0x00007ff92ae1c000 	C:\WINDOWS\SYSTEM32\DNSAPI.dll
0x00007ff92df90000 - 0x00007ff92df98000 	C:\WINDOWS\System32\NSI.dll
0x00007ff91f1b0000 - 0x00007ff91f1ba000 	C:\Windows\System32\rasadhlp.dll
0x00007ff91ae80000 - 0x00007ff91aeff000 	C:\WINDOWS\System32\fwpuclnt.dll
0x00007ff92ba90000 - 0x00007ff92bab7000 	C:\WINDOWS\System32\bcrypt.dll
0x00007ff90c370000 - 0x00007ff90c389000 	C:\Users\user\Downloads\eclipse\eclipse\plugins\org.eclipse.justj.openjdk.hotspot.jre.full.win32.x86_64_15.0.2.v20210201-0955\jre\bin\net.dll
0x00007ff923ae0000 - 0x00007ff923beb000 	C:\WINDOWS\SYSTEM32\WINHTTP.dll
0x00007ff90c350000 - 0x00007ff90c362000 	C:\Users\user\Downloads\eclipse\eclipse\plugins\org.eclipse.justj.openjdk.hotspot.jre.full.win32.x86_64_15.0.2.v20210201-0955\jre\bin\nio.dll
0x00007ff923f80000 - 0x00007ff923f90000 	C:\Users\user\Downloads\eclipse\eclipse\plugins\org.eclipse.justj.openjdk.hotspot.jre.full.win32.x86_64_15.0.2.v20210201-0955\jre\bin\verify.dll
0x00007ff92b1f0000 - 0x00007ff92b208000 	C:\WINDOWS\SYSTEM32\CRYPTSP.dll
0x00007ff92a9c0000 - 0x00007ff92a9f4000 	C:\WINDOWS\system32\rsaenh.dll
0x00007ff92b810000 - 0x00007ff92b83e000 	C:\WINDOWS\SYSTEM32\USERENV.dll
0x00007ff92b210000 - 0x00007ff92b21c000 	C:\WINDOWS\SYSTEM32\CRYPTBASE.dll
0x00007ff922c40000 - 0x00007ff922c57000 	C:\WINDOWS\SYSTEM32\dhcpcsvc6.DLL
0x00007ff923a50000 - 0x00007ff923a6d000 	C:\WINDOWS\SYSTEM32\dhcpcsvc.DLL
0x00007ff9232b0000 - 0x00007ff9232bd000 	C:\Users\user\Downloads\eclipse\eclipse\plugins\org.eclipse.justj.openjdk.hotspot.jre.full.win32.x86_64_15.0.2.v20210201-0955\jre\bin\sunmscapi.dll
0x00007ff92bfc0000 - 0x00007ff92c11f000 	C:\WINDOWS\System32\CRYPT32.dll
0x00007ff92b320000 - 0x00007ff92b347000 	C:\WINDOWS\SYSTEM32\ncrypt.dll
0x00007ff92b2e0000 - 0x00007ff92b31b000 	C:\WINDOWS\SYSTEM32\NTASN1.dll

dbghelp: loaded successfully - version: 4.0.5 - missing functions: none
symbol engine: initialized successfully - sym options: 0x614 - pdb path: .;C:\Users\user\Downloads\eclipse\eclipse\plugins\org.eclipse.justj.openjdk.hotspot.jre.full.win32.x86_64_15.0.2.v20210201-0955\jre\bin;C:\WINDOWS\SYSTEM32;C:\WINDOWS\WinSxS\amd64_microsoft.windows.common-controls_6595b64144ccf1df_6.0.19041.844_none_ca00b6081b84eb1d;C:\Users\user\Downloads\eclipse\eclipse\plugins\org.eclipse.justj.openjdk.hotspot.jre.full.win32.x86_64_15.0.2.v20210201-0955\jre\bin\server

VM Arguments:
jvm_args: -XX:+ShowCodeDetailsInExceptionMessages -agentlib:jdwp=transport=dt_socket,suspend=y,address=localhost:51352 -javaagent:C:\Users\user\Downloads\eclipse\eclipse\configuration\org.eclipse.osgi\412\0\.cp\lib\javaagent-shaded.jar -Dfile.encoding=UTF-8 
java_command: java_20210520.TistoryScanningDemo
java_class_path (initial): C:\Users\user\eclipse-workspace\Java_Fundamental\bin
Launcher Type: SUN_STANDARD

[Global flags]
     intx CICompilerCount                          = 4                                         {product} {ergonomic}
     uint ConcGCThreads                            = 2                                         {product} {ergonomic}
     uint G1ConcRefinementThreads                  = 8                                         {product} {ergonomic}
   size_t G1HeapRegionSize                         = 1048576                                   {product} {ergonomic}
    uintx GCDrainStackTargetSize                   = 64                                        {product} {ergonomic}
   size_t InitialHeapSize                          = 134217728                                 {product} {ergonomic}
   size_t MarkStackSize                            = 4194304                                   {product} {ergonomic}
   size_t MaxHeapSize                              = 2120220672                                {product} {ergonomic}
   size_t MaxNewSize                               = 1271922688                                {product} {ergonomic}
   size_t MinHeapDeltaBytes                        = 1048576                                   {product} {ergonomic}
   size_t MinHeapSize                              = 8388608                                   {product} {ergonomic}
    uintx NonNMethodCodeHeapSize                   = 5839372                                {pd product} {ergonomic}
    uintx NonProfiledCodeHeapSize                  = 122909434                              {pd product} {ergonomic}
    uintx ProfiledCodeHeapSize                     = 122909434                              {pd product} {ergonomic}
    uintx ReservedCodeCacheSize                    = 251658240                              {pd product} {ergonomic}
     bool SegmentedCodeCache                       = true                                      {product} {ergonomic}
     bool ShowCodeDetailsInExceptionMessages       = true                                   {manageable} {command line}
   size_t SoftMaxHeapSize                          = 2120220672                             {manageable} {ergonomic}
     bool UseCompressedClassPointers               = true                                 {lp64_product} {ergonomic}
     bool UseCompressedOops                        = true                                 {lp64_product} {ergonomic}
     bool UseG1GC                                  = true                                      {product} {ergonomic}
     bool UseLargePagesIndividualAllocation        = false                                  {pd product} {ergonomic}

Logging:
Log output configuration:
 #0: stdout all=warning uptime,level,tags
 #1: stderr all=off uptime,level,tags

Environment Variables:
PATH=C:\Users\user\Downloads\eclipse\eclipse\plugins\org.eclipse.justj.openjdk.hotspot.jre.full.win32.x86_64_15.0.2.v20210201-0955\jre\bin;C:/Users/user/Downloads/eclipse/eclipse//plugins/org.eclipse.justj.openjdk.hotspot.jre.full.win32.x86_64_15.0.2.v20210201-0955/jre/bin/server;C:/Users/user/Downloads/eclipse/eclipse//plugins/org.eclipse.justj.openjdk.hotspot.jre.full.win32.x86_64_15.0.2.v20210201-0955/jre/bin;C:\Program Files\Common Files\Oracle\Java\javapath;C:\Program Files (x86)\Common Files\Oracle\Java\javapath;C:\WINDOWS\system32;C:\WINDOWS;C:\WINDOWS\System32\Wbem;C:\WINDOWS\System32\WindowsPowerShell\v1.0\;C:\WINDOWS\System32\OpenSSH\;C:\Program Files\Git\cmd;C:\Users\user\AppData\Local\Microsoft\WindowsApps;;C:\Users\user\Downloads\eclipse\eclipse;
USERNAME=user
OS=Windows_NT
PROCESSOR_IDENTIFIER=Intel64 Family 6 Model 142 Stepping 12, GenuineIntel



---------------  S Y S T E M  ---------------

OS:
 Windows 10 , 64 bit Build 19041 (10.0.19041.928)
OS uptime: 0 days 8:07 hours

CPU: total 8 (initial active 8) (4 cores per cpu, 2 threads per core) family 6 model 142 stepping 12 microcode 0xb8, cmov, cx8, fxsr, mmx, sse, sse2, sse3, ssse3, sse4.1, sse4.2, popcnt, vzeroupper, avx, avx2, aes, clmul, erms, 3dnowpref, lzcnt, ht, tsc, tscinvbit, bmi1, bmi2, adx, fma, clflush, clflushopt

Memory: 4k page, system-wide physical 8083M (2473M free)
TotalPageFile size 10231M (AvailPageFile size 1507M)
current process WorkingSet (physical memory assigned to process): 79M, peak: 98M
current process commit charge ("private bytes"): 221M, peak: 240M

vm_info: OpenJDK 64-Bit Server VM (15.0.2+7-27) for windows-amd64 JRE (15.0.2+7-27), built on Dec  7 2020 20:02:38 by "mach5one" with unknown MS VC++:1925

END.
